<?xml version="1.0" encoding="UTF-8"?>
<!-- Generated by org.testng.reporters.JUnitReportReporter -->
<testsuite hostname="MacBook-Air.local" name="com.test.webpage.RCTC_testClass" tests="1" failures="0" timestamp="18 Nov 2017 06:26:10 GMT" time="70.033" errors="0">
  <testcase name="navigate_RCTC" time="70.033" classname="com.test.webpage.RCTC_testClass"/>
</testsuite> <!-- com.test.webpage.RCTC_testClass -->
