<?xml version="1.0" encoding="UTF-8"?>
<!-- Generated by org.testng.reporters.JUnitReportReporter -->
<testsuite hostname="Maniks-MBP.connectify" name="com.excelDataPackage.ExcelToDataProvider" tests="1" failures="0" timestamp="9 Nov 2017 19:57:17 GMT" time="0.014" errors="0">
  <testcase name="fillUserForm" time="0.014" classname="com.excelDataPackage.ExcelToDataProvider"/>
</testsuite> <!-- com.excelDataPackage.ExcelToDataProvider -->
