<?xml version="1.0" encoding="UTF-8"?>
<!-- Generated by org.testng.reporters.JUnitReportReporter -->
<testsuite hostname="MacBook-Air.local" name="com.common.utilities.BaseClass" tests="1" failures="0" timestamp="14 Nov 2017 19:31:06 GMT" time="0.013" errors="0">
  <testcase name="usingMergeDP" time="0.013" classname="com.common.utilities.BaseClass"/>
</testsuite> <!-- com.common.utilities.BaseClass -->
